# JRE version: OpenJDK Runtime Environment (8.0_202-b03) (build 1.8.0_202-release-1483-b03)
# Java VM: OpenJDK 64-Bit Server VM (25.202-b03 mixed mode windows-amd64 compressed oops)
Heap:
 PSYoungGen      total 368640K, used 155713K [0x00000000e0000000, 0x0000000100000000, 0x0000000100000000)
  eden space 212992K, 43% used [0x00000000e0000000,0x00000000e5ad82e8,0x00000000ed000000)
  from space 155648K, 40% used [0x00000000ed000000,0x00000000f0d384a0,0x00000000f6800000)
  to   space 150016K, 0% used [0x00000000f6d80000,0x00000000f6d80000,0x0000000100000000)
 ParOldGen       total 350720K, used 234776K [0x00000000a0000000, 0x00000000b5680000, 0x00000000e0000000)
  object space 350720K, 66% used [0x00000000a0000000,0x00000000ae5462d0,0x00000000b5680000)
 Metaspace       used 138390K, capacity 146598K, committed 146840K, reserved 1177600K
  class space    used 17093K, capacity 18478K, committed 18600K, reserved 1048576K
GC Heap History (10 events):
Event: 2746.070 GC heap before
{Heap before GC invocations=54 (full 5):
 PSYoungGen      total 384512K, used 321498K [0x00000000e0000000, 0x00000000fff80000, 0x0000000100000000)
  eden space 248320K, 100% used [0x00000000e0000000,0x00000000ef280000,0x00000000ef280000)
  from space 136192K, 53% used [0x00000000f7a00000,0x00000000fc176970,0x00000000fff00000)
  to   space 137728K, 0% used [0x00000000ef280000,0x00000000ef280000,0x00000000f7900000)
 ParOldGen       total 350720K, used 224142K [0x00000000a0000000, 0x00000000b5680000, 0x00000000e0000000)
  object space 350720K, 63% used [0x00000000a0000000,0x00000000adae3950,0x00000000b5680000)
 Metaspace       used 132638K, capacity 139662K, committed 139800K, reserved 1171456K
  class space    used 16439K, capacity 17662K, committed 17704K, reserved 1048576K
Event: 2746.208 GC heap after
Heap after GC invocations=54 (full 5):
 PSYoungGen      total 274432K, used 25885K [0x00000000e0000000, 0x00000000ff780000, 0x0000000100000000)
  eden space 248320K, 0% used [0x00000000e0000000,0x00000000e0000000,0x00000000ef280000)
  from space 26112K, 99% used [0x00000000ef280000,0x00000000f0bc75d8,0x00000000f0c00000)
  to   space 132608K, 0% used [0x00000000f7600000,0x00000000f7600000,0x00000000ff780000)
 ParOldGen       total 350720K, used 224150K [0x00000000a0000000, 0x00000000b5680000, 0x00000000e0000000)
  object space 350720K, 63% used [0x00000000a0000000,0x00000000adae5950,0x00000000b5680000)
 Metaspace       used 132638K, capacity 139662K, committed 139800K, reserved 1171456K
  class space    used 16439K, capacity 17662K, committed 17704K, reserved 1048576K
}
Event: 2808.247 GC heap before
{Heap before GC invocations=55 (full 5):
 PSYoungGen      total 274432K, used 274205K [0x00000000e0000000, 0x00000000ff780000, 0x0000000100000000)
  eden space 248320K, 100% used [0x00000000e0000000,0x00000000ef280000,0x00000000ef280000)
  from space 26112K, 99% used [0x00000000ef280000,0x00000000f0bc75d8,0x00000000f0c00000)
  to   space 132608K, 0% used [0x00000000f7600000,0x00000000f7600000,0x00000000ff780000)
 ParOldGen       total 350720K, used 224150K [0x00000000a0000000, 0x00000000b5680000, 0x00000000e0000000)
  object space 350720K, 63% used [0x00000000a0000000,0x00000000adae5950,0x00000000b5680000)
 Metaspace       used 133394K, capacity 141382K, committed 141592K, reserved 1173504K
  class space    used 16594K, capacity 17948K, committed 17960K, reserved 1048576K
Event: 2808.277 GC heap after
Heap after GC invocations=55 (full 5):
 PSYoungGen      total 384512K, used 4176K [0x00000000e0000000, 0x0000000100000000, 0x0000000100000000)
  eden space 251904K, 0% used [0x00000000e0000000,0x00000000e0000000,0x00000000ef600000)
  from space 132608K, 3% used [0x00000000f7600000,0x00000000f7a14010,0x00000000ff780000)
  to   space 131072K, 0% used [0x00000000ef600000,0x00000000ef600000,0x00000000f7600000)
 ParOldGen       total 350720K, used 224158K [0x00000000a0000000, 0x00000000b5680000, 0x00000000e0000000)
  object space 350720K, 63% used [0x00000000a0000000,0x00000000adae7950,0x00000000b5680000)
 Metaspace       used 133394K, capacity 141382K, committed 141592K, reserved 1173504K
  class space    used 16594K, capacity 17948K, committed 17960K, reserved 1048576K
}
Event: 2990.509 GC heap before
{Heap before GC invocations=56 (full 5):
 PSYoungGen      total 384512K, used 256080K [0x00000000e0000000, 0x0000000100000000, 0x0000000100000000)
  eden space 251904K, 100% used [0x00000000e0000000,0x00000000ef600000,0x00000000ef600000)
  from space 132608K, 3% used [0x00000000f7600000,0x00000000f7a14010,0x00000000ff780000)
  to   space 131072K, 0% used [0x00000000ef600000,0x00000000ef600000,0x00000000f7600000)
 ParOldGen       total 350720K, used 224158K [0x00000000a0000000, 0x00000000b5680000, 0x00000000e0000000)
  object space 350720K, 63% used [0x00000000a0000000,0x00000000adae7950,0x00000000b5680000)
 Metaspace       used 133549K, capacity 141572K, committed 141720K, reserved 1173504K
  class space    used 16605K, capacity 17969K, committed 18088K, reserved 1048576K
Event: 2990.538 GC heap after
Heap after GC invocations=56 (full 5):
 PSYoungGen      total 382976K, used 9712K [0x00000000e0000000, 0x00000000ff780000, 0x0000000100000000)
  eden space 251904K, 0% used [0x00000000e0000000,0x00000000e0000000,0x00000000ef600000)
  from space 131072K, 7% used [0x00000000ef600000,0x00000000eff7c030,0x00000000f7600000)
  to   space 127488K, 0% used [0x00000000f7b00000,0x00000000f7b00000,0x00000000ff780000)
 ParOldGen       total 350720K, used 224158K [0x00000000a0000000, 0x00000000b5680000, 0x00000000e0000000)
  object space 350720K, 63% used [0x00000000a0000000,0x00000000adae7950,0x00000000b5680000)
 Metaspace       used 133549K, capacity 141572K, committed 141720K, reserved 1173504K
  class space    used 16605K, capacity 17969K, committed 18088K, reserved 1048576K
}
Event: 2993.595 GC heap before
{Heap before GC invocations=57 (full 5):
 PSYoungGen      total 382976K, used 261616K [0x00000000e0000000, 0x00000000ff780000, 0x0000000100000000)
  eden space 251904K, 100% used [0x00000000e0000000,0x00000000ef600000,0x00000000ef600000)
  from space 131072K, 7% used [0x00000000ef600000,0x00000000eff7c030,0x00000000f7600000)
  to   space 127488K, 0% used [0x00000000f7b00000,0x00000000f7b00000,0x00000000ff780000)
 ParOldGen       total 350720K, used 224158K [0x00000000a0000000, 0x00000000b5680000, 0x00000000e0000000)
  object space 350720K, 63% used [0x00000000a0000000,0x00000000adae7950,0x00000000b5680000)
 Metaspace       used 138345K, capacity 146522K, committed 146840K, reserved 1177600K
  class space    used 17093K, capacity 18478K, committed 18600K, reserved 1048576K
Event: 2993.961 GC heap after
Heap after GC invocations=57 (full 5):
 PSYoungGen      total 340480K, used 127481K [0x00000000e0000000, 0x0000000100000000, 0x0000000100000000)
  eden space 212992K, 0% used [0x00000000e0000000,0x00000000e0000000,0x00000000ed000000)
  from space 127488K, 99% used [0x00000000f7b00000,0x00000000ff77e4d8,0x00000000ff780000)
  to   space 155648K, 0% used [0x00000000ed000000,0x00000000ed000000,0x00000000f6800000)
 ParOldGen       total 350720K, used 234640K [0x00000000a0000000, 0x00000000b5680000, 0x00000000e0000000)
  object space 350720K, 66% used [0x00000000a0000000,0x00000000ae5242d0,0x00000000b5680000)
 Metaspace       used 138345K, capacity 146522K, committed 146840K, reserved 1177600K
  class space    used 17093K, capacity 18478K, committed 18600K, reserved 1048576K
}
Event: 2997.360 GC heap before
{Heap before GC invocations=58 (full 5):
 PSYoungGen      total 340480K, used 340459K [0x00000000e0000000, 0x0000000100000000, 0x0000000100000000)
  eden space 212992K, 99% used [0x00000000e0000000,0x00000000ecffc748,0x00000000ed000000)
  from space 127488K, 99% used [0x00000000f7b00000,0x00000000ff77e4d8,0x00000000ff780000)
  to   space 155648K, 0% used [0x00000000ed000000,0x00000000ed000000,0x00000000f6800000)
 ParOldGen       total 350720K, used 234640K [0x00000000a0000000, 0x00000000b5680000, 0x00000000e0000000)
  object space 350720K, 66% used [0x00000000a0000000,0x00000000ae5242d0,0x00000000b5680000)
 Metaspace       used 138389K, capacity 146598K, committed 146840K, reserved 1177600K
  class space    used 17093K, capacity 18478K, committed 18600K, reserved 1048576K
Event: 2997.459 GC heap after
Heap after GC invocations=58 (full 5):
 PSYoungGen      total 368640K, used 62689K [0x00000000e0000000, 0x0000000100000000, 0x0000000100000000)
  eden space 212992K, 0% used [0x00000000e0000000,0x00000000e0000000,0x00000000ed000000)
  from space 155648K, 40% used [0x00000000ed000000,0x00000000f0d384a0,0x00000000f6800000)
  to   space 150016K, 0% used [0x00000000f6d80000,0x00000000f6d80000,0x0000000100000000)
 ParOldGen       total 350720K, used 234776K [0x00000000a0000000, 0x00000000b5680000, 0x00000000e0000000)
  object space 350720K, 66% used [0x00000000a0000000,0x00000000ae5462d0,0x00000000b5680000)
 Metaspace       used 138389K, capacity 146598K, committed 146840K, reserved 1177600K
  class space    used 17093K, capacity 18478K, committed 18600K, reserved 1048576K
}

